<?xml version="1.0" encoding="UTF-8"?>
<!-- Generated by org.testng.reporters.JUnitXMLReporter -->
<testsuite hostname="DESKTOP-PB44JCV" ignored="6" name="Test" tests="8" failures="3" timestamp="2021-09-17T12:20:00 IST" time="129.949" errors="0">
  <testcase name="PurchaseOrder_Delivered" time="8.384" classname="com.crm.PurchaseOrderApproved.TC_03_PurchaseOrder_Delivered">
    <skipped/>
  </testcase> <!-- PurchaseOrder_Delivered -->
  <testcase name="PurchaseOrder_Delivered" time="7.336" classname="com.crm.PurchaseOrderApproved.TC_03_PurchaseOrder_Delivered">
    <skipped/>
  </testcase> <!-- PurchaseOrder_Delivered -->
  <testcase name="PurchaseOrder_Delivered" time="6.977" classname="com.crm.PurchaseOrderApproved.TC_03_PurchaseOrder_Delivered">
    <skipped/>
  </testcase> <!-- PurchaseOrder_Delivered -->
  <testcase name="PurchaseOrder_Delivered" time="7.083" classname="com.crm.PurchaseOrderApproved.TC_03_PurchaseOrder_Delivered">
    <skipped/>
  </testcase> <!-- PurchaseOrder_Delivered -->
  <testcase name="PurchaseOrder_Delivered" time="7.227" classname="com.crm.PurchaseOrderApproved.TC_03_PurchaseOrder_Delivered">
    <failure type="junit.framework.AssertionFailedError" message="expected:&amp;lt;false&amp;gt; but was:&amp;lt;true&amp;gt;">
      <![CDATA[junit.framework.AssertionFailedError: expected:<false> but was:<true>
at junit.framework.Assert.fail(Assert.java:50)
at junit.framework.Assert.failNotEquals(Assert.java:287)
at junit.framework.Assert.assertEquals(Assert.java:67)
at junit.framework.Assert.assertEquals(Assert.java:147)
at junit.framework.Assert.assertEquals(Assert.java:153)
at com.crm.PurchaseOrderApproved.TC_03_PurchaseOrder_Delivered.PurchaseOrder_Delivered(TC_03_PurchaseOrder_Delivered.java:23)
at java.util.ArrayList.forEach(ArrayList.java:1249)
... Removed 27 stack frames]]>
    </failure>
  </testcase> <!-- PurchaseOrder_Delivered -->
  <testcase name="PucOrd_ReceivedShipment" time="7.195" classname="com.crm.PurchaseOrderApproved.TC_05_PucOrd_ReceivedShipment"/>
  <testcase name="PurchaseOrder" time="25.142" classname="com.crm.PurchaseOrderApproved.TC_04_PurchaseOrder_Cancelled">
    <failure type="org.openqa.selenium.NoSuchElementException" message="no such element: Unable to locate element: {&amp;quot;method&amp;quot;:&amp;quot;xpath&amp;quot;,&amp;quot;selector&amp;quot;:&amp;quot;//img[@src=&amp;quot;themes/softed/images/btnL3Add.gif&amp;quot;]&amp;quot;}
  (Session info: chrome=93.0.4577.82)
For documentation on this error, please visit: https://www.seleniumhq.org/exceptions/no_such_element.html
Build info: version: &amp;apos;3.141.59&amp;apos;, revision: &amp;apos;e82be7d358&amp;apos;, time: &amp;apos;2018-11-14T08:17:03&amp;apos;
System info: host: &amp;apos;DESKTOP-PB44JCV&amp;apos;, ip: &amp;apos;127.0.0.1&amp;apos;, os.name: &amp;apos;Windows 10&amp;apos;, os.arch: &amp;apos;x86&amp;apos;, os.version: &amp;apos;10.0&amp;apos;, java.version: &amp;apos;1.8.0_141&amp;apos;
Driver info: org.openqa.selenium.chrome.ChromeDriver
Capabilities {acceptInsecureCerts: false, browserName: chrome, browserVersion: 93.0.4577.82, chrome: {chromedriverVersion: 93.0.4577.63 (ff5c0da2ec0ad..., userDataDir: C:\Users\ANSHUL\AppData\Loc...}, goog:chromeOptions: {debuggerAddress: localhost:52206}, javascriptEnabled: true, networkConnectionEnabled: false, pageLoadStrategy: normal, platform: WINDOWS, platformName: WINDOWS, proxy: Proxy(), setWindowRect: true, strictFileInteractability: false, timeouts: {implicit: 0, pageLoad: 300000, script: 30000}, unhandledPromptBehavior: dismiss and notify, webauthn:extension:credBlob: true, webauthn:extension:largeBlob: true, webauthn:virtualAuthenticators: true}
Session ID: b11b884263a59ca604f1b6d233093443
*** Element info: {Using=xpath, value=//img[@src=&amp;quot;themes/softed/images/btnL3Add.gif&amp;quot;]}">
      <![CDATA[org.openqa.selenium.NoSuchElementException: no such element: Unable to locate element: {"method":"xpath","selector":"//img[@src="themes/softed/images/btnL3Add.gif"]"}
  (Session info: chrome=93.0.4577.82)
For documentation on this error, please visit: https://www.seleniumhq.org/exceptions/no_such_element.html
Build info: version: '3.141.59', revision: 'e82be7d358', time: '2018-11-14T08:17:03'
System info: host: 'DESKTOP-PB44JCV', ip: '127.0.0.1', os.name: 'Windows 10', os.arch: 'x86', os.version: '10.0', java.version: '1.8.0_141'
Driver info: org.openqa.selenium.chrome.ChromeDriver
Capabilities {acceptInsecureCerts: false, browserName: chrome, browserVersion: 93.0.4577.82, chrome: {chromedriverVersion: 93.0.4577.63 (ff5c0da2ec0ad..., userDataDir: C:\Users\ANSHUL\AppData\Loc...}, goog:chromeOptions: {debuggerAddress: localhost:52206}, javascriptEnabled: true, networkConnectionEnabled: false, pageLoadStrategy: normal, platform: WINDOWS, platformName: WINDOWS, proxy: Proxy(), setWindowRect: true, strictFileInteractability: false, timeouts: {implicit: 0, pageLoad: 300000, script: 30000}, unhandledPromptBehavior: dismiss and notify, webauthn:extension:credBlob: true, webauthn:extension:largeBlob: true, webauthn:virtualAuthenticators: true}
Session ID: b11b884263a59ca604f1b6d233093443
*** Element info: {Using=xpath, value=//img[@src="themes/softed/images/btnL3Add.gif"]}
at org.openqa.selenium.remote.http.W3CHttpResponseCodec.createException(W3CHttpResponseCodec.java:187)
at org.openqa.selenium.remote.http.W3CHttpResponseCodec.decode(W3CHttpResponseCodec.java:122)
at org.openqa.selenium.remote.http.W3CHttpResponseCodec.decode(W3CHttpResponseCodec.java:49)
at org.openqa.selenium.remote.HttpCommandExecutor.execute(HttpCommandExecutor.java:158)
at org.openqa.selenium.remote.service.DriverCommandExecutor.execute(DriverCommandExecutor.java:83)
at org.openqa.selenium.remote.RemoteWebDriver.execute(RemoteWebDriver.java:552)
at org.openqa.selenium.remote.RemoteWebDriver.findElement(RemoteWebDriver.java:323)
at org.openqa.selenium.remote.RemoteWebDriver.findElementByXPath(RemoteWebDriver.java:428)
at org.openqa.selenium.By$ByXPath.findElement(By.java:353)
at org.openqa.selenium.remote.RemoteWebDriver.findElement(RemoteWebDriver.java:315)
at org.openqa.selenium.support.pagefactory.DefaultElementLocator.findElement(DefaultElementLocator.java:69)
at org.openqa.selenium.support.pagefactory.internal.LocatingElementHandler.invoke(LocatingElementHandler.java:38)
at com.sun.proxy.$Proxy13.click(Unknown Source)
at com.crm.PurchaseOrderApproved.TC_04_PurchaseOrder_Cancelled.PurchaseOrder(TC_04_PurchaseOrder_Cancelled.java:22)
at java.util.ArrayList.forEach(ArrayList.java:1249)
... Removed 31 stack frames]]>
    </failure>
  </testcase> <!-- PurchaseOrder -->
  <testcase name="PurchaseOrder_created" time="7.266" classname="com.crm.PurchaseOrderApproved.TC_02_PurchaseOrder_created">
    <failure type="junit.framework.AssertionFailedError" message="expected:&amp;lt;false&amp;gt; but was:&amp;lt;true&amp;gt;">
      <![CDATA[junit.framework.AssertionFailedError: expected:<false> but was:<true>
at junit.framework.Assert.fail(Assert.java:50)
at junit.framework.Assert.failNotEquals(Assert.java:287)
at junit.framework.Assert.assertEquals(Assert.java:67)
at junit.framework.Assert.assertEquals(Assert.java:147)
at junit.framework.Assert.assertEquals(Assert.java:153)
at com.crm.PurchaseOrderApproved.TC_02_PurchaseOrder_created.PurchaseOrder_created(TC_02_PurchaseOrder_created.java:31)
at java.util.ArrayList.forEach(ArrayList.java:1249)
... Removed 27 stack frames]]>
    </failure>
  </testcase> <!-- PurchaseOrder_created -->
  <testcase name="@AfterSuite closeDB" time="0.0" classname="com.crm.autodesk.Utils.BaseClass">
    <ignored/>
  </testcase> <!-- @AfterSuite closeDB -->
  <testcase name="@AfterSuite closeDB" time="0.0" classname="com.crm.autodesk.Utils.BaseClass">
    <ignored/>
  </testcase> <!-- @AfterSuite closeDB -->
  <testcase name="@AfterSuite closeDB" time="0.0" classname="com.crm.autodesk.Utils.BaseClass">
    <ignored/>
  </testcase> <!-- @AfterSuite closeDB -->
  <testcase name="@BeforeSuite ConnectDB" time="0.0" classname="com.crm.autodesk.Utils.BaseClass">
    <ignored/>
  </testcase> <!-- @BeforeSuite ConnectDB -->
  <testcase name="@BeforeSuite ConnectDB" time="0.0" classname="com.crm.autodesk.Utils.BaseClass">
    <ignored/>
  </testcase> <!-- @BeforeSuite ConnectDB -->
  <testcase name="@BeforeSuite ConnectDB" time="0.0" classname="com.crm.autodesk.Utils.BaseClass">
    <ignored/>
  </testcase> <!-- @BeforeSuite ConnectDB -->
</testsuite> <!-- Test -->
